2014-03-19 13:09:56 [SERVER] [INFO] Starting integrated minecraft server version 1.6.4
2014-03-19 13:09:56 [SERVER] [INFO] Generating keypair
2014-03-19 13:09:56 [SERVER] [INFO] Converting map!
2014-03-19 13:09:56 [SERVER] [INFO] Scanning folders...
2014-03-19 13:09:56 [SERVER] [INFO] Total conversion count is 0
2014-03-19 13:10:07 [SERVER] [INFO] Preparing start region for level 0
2014-03-19 13:10:08 [SERVER] [INFO] Preparing spawn area: 6%
2014-03-19 13:10:09 [SERVER] [INFO] Preparing spawn area: 7%
2014-03-19 13:10:10 [SERVER] [INFO] Preparing spawn area: 18%
2014-03-19 13:10:11 [SERVER] [INFO] Preparing spawn area: 31%
2014-03-19 13:10:12 [SERVER] [INFO] Preparing spawn area: 45%
2014-03-19 13:10:14 [SERVER] [INFO] Preparing spawn area: 57%
2014-03-19 13:10:15 [SERVER] [INFO] Preparing spawn area: 72%
2014-03-19 13:10:16 [SERVER] [INFO] Preparing spawn area: 84%
2014-03-19 13:10:17 [SERVER] [INFO] Preparing spawn area: 95%
2014-03-19 13:10:18 [SERVER] [INFO] Damage Indicators Mod Mod v.2.9.2.3 is up to date.
2014-03-19 13:10:19 [SERVER] [INFO] joshuack123[/127.0.0.1:0] logged in with entity id 6328 at (-104.5, 73.0, 253.5)
2014-03-19 13:10:19 [SERVER] [INFO] joshuack123 joined the game
2014-03-19 13:10:21 [SERVER] [WARNING] Can't keep up! Did the system time change, or is the server overloaded?
2014-03-19 13:12:29 [SERVER] [INFO] Saving and pausing game...
2014-03-19 13:12:29 [SERVER] [INFO] Saving chunks for level 'New World'/Overworld
2014-03-19 13:12:29 [SERVER] [INFO] Saving chunks for level 'New World'/Nether
2014-03-19 13:12:29 [SERVER] [INFO] Saving chunks for level 'New World'/The End
2014-03-19 13:12:29 [SERVER] [INFO] Saving chunks for level 'New World'/Promised Land
2014-03-19 13:12:29 [SERVER] [INFO] Saving chunks for level 'New World'/Tropics
2014-03-19 13:12:29 [SERVER] [INFO] Saving chunks for level 'New World'/Wyvern Lair
2014-03-19 13:12:29 [SERVER] [INFO] Saving chunks for level 'New World'/Hyperspace
2014-03-19 13:12:29 [SERVER] [INFO] Saving chunks for level 'New World'/Space
2014-03-19 13:13:56 [SERVER] [INFO] Saving and pausing game...
2014-03-19 13:13:56 [SERVER] [INFO] Saving chunks for level 'New World'/Overworld
2014-03-19 13:13:56 [SERVER] [INFO] Saving chunks for level 'New World'/Nether
2014-03-19 13:13:56 [SERVER] [INFO] Saving chunks for level 'New World'/The End
2014-03-19 13:13:56 [SERVER] [INFO] Saving chunks for level 'New World'/Promised Land
2014-03-19 13:13:56 [SERVER] [INFO] Saving chunks for level 'New World'/Tropics
2014-03-19 13:13:56 [SERVER] [INFO] Saving chunks for level 'New World'/Wyvern Lair
2014-03-19 13:13:56 [SERVER] [INFO] Saving chunks for level 'New World'/Hyperspace
2014-03-19 13:13:56 [SERVER] [INFO] Saving chunks for level 'New World'/Space
2014-03-19 13:15:08 [SERVER] [WARNING] Can't keep up! Did the system time change, or is the server overloaded?
2014-03-19 13:17:51 [SERVER] [WARNING] Can't keep up! Did the system time change, or is the server overloaded?
2014-03-19 13:19:41 [SERVER] [INFO] Saving and pausing game...
2014-03-19 13:19:41 [SERVER] [INFO] Saving chunks for level 'New World'/Overworld
2014-03-19 13:19:41 [SERVER] [INFO] Saving chunks for level 'New World'/Nether
2014-03-19 13:19:41 [SERVER] [INFO] Saving chunks for level 'New World'/The End
2014-03-19 13:19:41 [SERVER] [INFO] Saving chunks for level 'New World'/Promised Land
2014-03-19 13:19:41 [SERVER] [INFO] Saving chunks for level 'New World'/Tropics
2014-03-19 13:19:41 [SERVER] [INFO] Saving chunks for level 'New World'/Wyvern Lair
2014-03-19 13:19:41 [SERVER] [INFO] Saving chunks for level 'New World'/Hyperspace
2014-03-19 13:19:41 [SERVER] [INFO] Saving chunks for level 'New World'/Space
2014-03-19 13:29:56 [SERVER] [INFO] Saving and pausing game...
2014-03-19 13:29:56 [SERVER] [INFO] Saving chunks for level 'New World'/Overworld
2014-03-19 13:29:56 [SERVER] [INFO] Saving chunks for level 'New World'/Nether
2014-03-19 13:29:56 [SERVER] [INFO] Saving chunks for level 'New World'/The End
2014-03-19 13:29:56 [SERVER] [INFO] Saving chunks for level 'New World'/Promised Land
2014-03-19 13:29:56 [SERVER] [INFO] Saving chunks for level 'New World'/Tropics
2014-03-19 13:29:56 [SERVER] [INFO] Saving chunks for level 'New World'/Wyvern Lair
2014-03-19 13:29:56 [SERVER] [INFO] Saving chunks for level 'New World'/Hyperspace
2014-03-19 13:29:56 [SERVER] [INFO] Saving chunks for level 'New World'/Space
2014-03-19 13:31:25 [SERVER] [INFO] Saving and pausing game...
2014-03-19 13:31:25 [SERVER] [INFO] Saving chunks for level 'New World'/Overworld
2014-03-19 13:31:25 [SERVER] [INFO] Saving chunks for level 'New World'/Nether
2014-03-19 13:31:25 [SERVER] [INFO] Saving chunks for level 'New World'/The End
2014-03-19 13:31:25 [SERVER] [INFO] Saving chunks for level 'New World'/Promised Land
2014-03-19 13:31:25 [SERVER] [INFO] Saving chunks for level 'New World'/Tropics
2014-03-19 13:31:25 [SERVER] [INFO] Saving chunks for level 'New World'/Wyvern Lair
2014-03-19 13:31:25 [SERVER] [INFO] Saving chunks for level 'New World'/Hyperspace
2014-03-19 13:31:25 [SERVER] [INFO] Saving chunks for level 'New World'/Space
2014-03-19 13:34:38 [SERVER] [INFO] Saving and pausing game...
2014-03-19 13:34:38 [SERVER] [INFO] Saving chunks for level 'New World'/Overworld
2014-03-19 13:34:39 [SERVER] [INFO] Saving chunks for level 'New World'/Nether
2014-03-19 13:34:39 [SERVER] [INFO] Saving chunks for level 'New World'/The End
2014-03-19 13:34:39 [SERVER] [INFO] Saving chunks for level 'New World'/Promised Land
2014-03-19 13:34:39 [SERVER] [INFO] Saving chunks for level 'New World'/Tropics
2014-03-19 13:34:39 [SERVER] [INFO] Saving chunks for level 'New World'/Wyvern Lair
2014-03-19 13:34:39 [SERVER] [INFO] Saving chunks for level 'New World'/Hyperspace
2014-03-19 13:34:39 [SERVER] [INFO] Saving chunks for level 'New World'/Space
2014-03-19 13:34:39 [SERVER] [INFO] Stopping server
2014-03-19 13:34:39 [SERVER] [INFO] Saving players
2014-03-19 13:34:39 [SERVER] [INFO] joshuack123 left the game
2014-03-19 13:34:39 [SERVER] [INFO] Saving worlds
2014-03-19 13:34:39 [SERVER] [INFO] Saving chunks for level 'New World'/Overworld
2014-03-19 13:34:39 [SERVER] [INFO] Saving chunks for level 'New World'/Nether
2014-03-19 13:34:39 [SERVER] [INFO] Saving chunks for level 'New World'/The End
2014-03-19 13:34:39 [SERVER] [INFO] Saving chunks for level 'New World'/Promised Land
2014-03-19 13:34:39 [SERVER] [INFO] Saving chunks for level 'New World'/Tropics
2014-03-19 13:34:39 [SERVER] [INFO] Saving chunks for level 'New World'/Wyvern Lair
2014-03-19 13:34:39 [SERVER] [INFO] Saving chunks for level 'New World'/Hyperspace
2014-03-19 13:34:39 [SERVER] [INFO] Saving chunks for level 'New World'/Space
